<?xml version="1.0" encoding="UTF-8"?>
<!-- Generated by org.testng.reporters.JUnitXMLReporter -->
<testsuite ignored="0" hostname="DESKTOP-2Q2MD6U" failures="1" tests="2" name="Login test" time="32.776" errors="0" timestamp="2025-03-12T19:33:36 AST">
  <testcase classname="testCases.TC005_LoginTest" name="verifyLoginWithValid" time="20.828">
    <failure type="org.openqa.selenium.NoSuchElementException" message="no such element: Unable to locate element: {&amp;quot;method&amp;quot;:&amp;quot;xpath&amp;quot;,&amp;quot;selector&amp;quot;:&amp;quot;//body/div[@id=&amp;apos;root&amp;apos;]/div[@class=&amp;apos;d-flex vh-100 overflow-hidden w-100&amp;apos;]/section[@class=&amp;apos;main-page pageBg flex-grow-0 flex-shrink-0 notFullWided&amp;apos;]/header[@class=&amp;apos;d-flex flex-wrap justify-content-end mainHeader&amp;apos;]/div[@class=&amp;apos;space-3 px-3 d-flex align-items-center&amp;apos;]/div[5]/a[1]&amp;quot;}
  (Session info: chrome=132.0.6834.160)
For documentation on this error, please visit: https://www.selenium.dev/documentation/webdriver/troubleshooting/errors#no-such-element-exception
Build info: version: &amp;apos;4.28.0&amp;apos;, revision: &amp;apos;ac342546e9&amp;apos;
System info: os.name: &amp;apos;Windows 10&amp;apos;, os.arch: &amp;apos;amd64&amp;apos;, os.version: &amp;apos;10.0&amp;apos;, java.version: &amp;apos;11.0.24&amp;apos;
Driver info: org.openqa.selenium.chrome.ChromeDriver
Command: [28ae717b1ad25ee21a80a1da823931ad, findElement {value=//body/div[@id=&amp;apos;root&amp;apos;]/div[@class=&amp;apos;d-flex vh-100 overflow-hidden w-100&amp;apos;]/section[@class=&amp;apos;main-page pageBg flex-grow-0 flex-shrink-0 notFullWided&amp;apos;]/header[@class=&amp;apos;d-flex flex-wrap justify-content-end mainHeader&amp;apos;]/div[@class=&amp;apos;space-3 px-3 d-flex align-items-center&amp;apos;]/div[5]/a[1], using=xpath}]
Capabilities {acceptInsecureCerts: false, browserName: chrome, browserVersion: 132.0.6834.160, chrome: {chromedriverVersion: 132.0.6834.159 (2d77d3fc445..., userDataDir: C:\Users\DELL\AppData\Local...}, fedcm:accounts: true, goog:chromeOptions: {debuggerAddress: localhost:62605}, networkConnectionEnabled: false, pageLoadStrategy: normal, platformName: windows, proxy: Proxy(), se:cdp: ws://localhost:62605/devtoo..., se:cdpVersion: 132.0.6834.160, setWindowRect: true, strictFileInteractability: false, timeouts: {implicit: 0, pageLoad: 300000, script: 30000}, unhandledPromptBehavior: dismiss and notify, webauthn:extension:credBlob: true, webauthn:extension:largeBlob: true, webauthn:extension:minPinLength: true, webauthn:extension:prf: true, webauthn:virtualAuthenticators: true}
Session ID: 28ae717b1ad25ee21a80a1da823931ad">
      <![CDATA[org.openqa.selenium.NoSuchElementException: no such element: Unable to locate element: {"method":"xpath","selector":"//body/div[@id='root']/div[@class='d-flex vh-100 overflow-hidden w-100']/section[@class='main-page pageBg flex-grow-0 flex-shrink-0 notFullWided']/header[@class='d-flex flex-wrap justify-content-end mainHeader']/div[@class='space-3 px-3 d-flex align-items-center']/div[5]/a[1]"}
  (Session info: chrome=132.0.6834.160)
For documentation on this error, please visit: https://www.selenium.dev/documentation/webdriver/troubleshooting/errors#no-such-element-exception
Build info: version: '4.28.0', revision: 'ac342546e9'
System info: os.name: 'Windows 10', os.arch: 'amd64', os.version: '10.0', java.version: '11.0.24'
Driver info: org.openqa.selenium.chrome.ChromeDriver
Command: [28ae717b1ad25ee21a80a1da823931ad, findElement {value=//body/div[@id='root']/div[@class='d-flex vh-100 overflow-hidden w-100']/section[@class='main-page pageBg flex-grow-0 flex-shrink-0 notFullWided']/header[@class='d-flex flex-wrap justify-content-end mainHeader']/div[@class='space-3 px-3 d-flex align-items-center']/div[5]/a[1], using=xpath}]
Capabilities {acceptInsecureCerts: false, browserName: chrome, browserVersion: 132.0.6834.160, chrome: {chromedriverVersion: 132.0.6834.159 (2d77d3fc445..., userDataDir: C:\Users\DELL\AppData\Local...}, fedcm:accounts: true, goog:chromeOptions: {debuggerAddress: localhost:62605}, networkConnectionEnabled: false, pageLoadStrategy: normal, platformName: windows, proxy: Proxy(), se:cdp: ws://localhost:62605/devtoo..., se:cdpVersion: 132.0.6834.160, setWindowRect: true, strictFileInteractability: false, timeouts: {implicit: 0, pageLoad: 300000, script: 30000}, unhandledPromptBehavior: dismiss and notify, webauthn:extension:credBlob: true, webauthn:extension:largeBlob: true, webauthn:extension:minPinLength: true, webauthn:extension:prf: true, webauthn:virtualAuthenticators: true}
Session ID: 28ae717b1ad25ee21a80a1da823931ad
at org.openqa.selenium.remote.ErrorCodec.decode(ErrorCodec.java:167)
at org.openqa.selenium.remote.codec.w3c.W3CHttpResponseCodec.decode(W3CHttpResponseCodec.java:138)
at org.openqa.selenium.remote.codec.w3c.W3CHttpResponseCodec.decode(W3CHttpResponseCodec.java:50)
at org.openqa.selenium.remote.HttpCommandExecutor.execute(HttpCommandExecutor.java:215)
at org.openqa.selenium.remote.service.DriverCommandExecutor.invokeExecute(DriverCommandExecutor.java:216)
at org.openqa.selenium.remote.service.DriverCommandExecutor.execute(DriverCommandExecutor.java:174)
at org.openqa.selenium.remote.RemoteWebDriver.execute(RemoteWebDriver.java:545)
at org.openqa.selenium.remote.ElementLocation$ElementFinder$2.findElement(ElementLocation.java:165)
at org.openqa.selenium.remote.ElementLocation.findElement(ElementLocation.java:59)
at org.openqa.selenium.remote.RemoteWebDriver.findElement(RemoteWebDriver.java:368)
at org.openqa.selenium.remote.RemoteWebDriver.findElement(RemoteWebDriver.java:362)
at org.openqa.selenium.support.pagefactory.DefaultElementLocator.findElement(DefaultElementLocator.java:68)
at org.openqa.selenium.support.pagefactory.internal.LocatingElementHandler.invoke(LocatingElementHandler.java:38)
at com.sun.proxy.$Proxy30.isDisplayed(Unknown Source)
at pageObjects.HomePage.isAdminDisplayed(HomePage.java:46)
at testCases.TC005_LoginTest.verifyLoginWithValid(TC005_LoginTest.java:25)
at java.base/java.util.ArrayList.forEach(ArrayList.java:1541)
... Removed 31 stack frames]]>
    </failure>
  </testcase> <!-- verifyLoginWithValid -->
  <testcase classname="testCases.TC006_LoginWithInvalid" name="verifyLoginWithInvalid" time="1.592"/>
</testsuite> <!-- Login test -->
